0 info it worked if it ends with ok
1 verbose cli [ '/Users/apprentice/.nvm/versions/node/v5.11.1/bin/node',
1 verbose cli   '/Users/apprentice/.nvm/versions/node/v5.11.1/bin/npm',
1 verbose cli   'run',
1 verbose cli   'lint' ]
2 info using npm@3.8.6
3 info using node@v5.11.1
4 verbose run-script [ 'prelint', 'lint', 'postlint' ]
5 info lifecycle dot@1.0.0~prelint: dot@1.0.0
6 silly lifecycle dot@1.0.0~prelint: no script for prelint, continuing
7 info lifecycle dot@1.0.0~lint: dot@1.0.0
8 verbose lifecycle dot@1.0.0~lint: unsafe-perm in lifecycle true
9 verbose lifecycle dot@1.0.0~lint: PATH: /Users/apprentice/.nvm/versions/node/v5.11.1/lib/node_modules/npm/bin/node-gyp-bin:/Users/apprentice/Desktop/kea-2016/Game-Spike-DOT/node_modules/.bin:/Users/apprentice/.nvm/versions/node/v5.11.1/bin:/Users/apprentice/.nvm/versions/node/v5.11.1/bin:/Users/apprentice/.rbenv/shims:/usr/local/bin:/usr/local/bin:/usr/bin:/bin:/usr/sbin:/sbin
10 verbose lifecycle dot@1.0.0~lint: CWD: /Users/apprentice/Desktop/kea-2016/Game-Spike-DOT
11 silly lifecycle dot@1.0.0~lint: Args: [ '-c', 'eslint index.js mvc/*.js' ]
12 info lifecycle dot@1.0.0~lint: Failed to exec lint script
13 verbose stack Error: dot@1.0.0 lint: `eslint index.js mvc/*.js`
13 verbose stack spawn ENOENT
13 verbose stack     at ChildProcess.<anonymous> (/Users/apprentice/.nvm/versions/node/v5.11.1/lib/node_modules/npm/lib/utils/spawn.js:17:16)
13 verbose stack     at emitTwo (events.js:100:13)
13 verbose stack     at ChildProcess.emit (events.js:185:7)
13 verbose stack     at maybeClose (internal/child_process.js:850:16)
13 verbose stack     at Process.ChildProcess._handle.onexit (internal/child_process.js:215:5)
14 verbose pkgid dot@1.0.0
15 verbose cwd /Users/apprentice/Desktop/kea-2016/Game-Spike-DOT
16 error Darwin 14.1.0
17 error argv "/Users/apprentice/.nvm/versions/node/v5.11.1/bin/node" "/Users/apprentice/.nvm/versions/node/v5.11.1/bin/npm" "run" "lint"
18 error node v5.11.1
19 error npm  v3.8.6
20 error file sh
21 error code ELIFECYCLE
22 error errno ENOENT
23 error syscall spawn
24 error dot@1.0.0 lint: `eslint index.js mvc/*.js`
24 error spawn ENOENT
25 error Failed at the dot@1.0.0 lint script 'eslint index.js mvc/*.js'.
25 error Make sure you have the latest version of node.js and npm installed.
25 error If you do, this is most likely a problem with the dot package,
25 error not with npm itself.
25 error Tell the author that this fails on your system:
25 error     eslint index.js mvc/*.js
25 error You can get information on how to open an issue for this project with:
25 error     npm bugs dot
25 error Or if that isn't available, you can get their info via:
25 error     npm owner ls dot
25 error There is likely additional logging output above.
26 verbose exit [ 1, true ]
